<?xml version="1.0" encoding="UTF-8" ?>
<testsuite tests="1" failures="1" name="MavenTest" time="0.05" errors="0" skipped="0">
  <properties>
[...]
</properties>
  <testcase classname="MavenTest" name="MavenTest.testSum" time="0.05">
    <failure message="expected: &lt;14&gt; but was: &lt;12&gt;" type="org.opentest4j.AssertionFailedError">org.opentest4j.AssertionFailedError: expected: &lt;14&gt; but was: &lt;12&gt;
	at org.junit.jupiter.api.AssertionUtils.fail(AssertionUtils.java:55)
	at org.junit.jupiter.api.AssertionUtils.failNotEqual(AssertionUtils.java:62)
	at org.junit.jupiter.api.AssertEquals.assertEquals(AssertEquals.java:150)
	at org.junit.jupiter.api.AssertEquals.assertEquals(AssertEquals.java:145)
	at org.junit.jupiter.api.Assertions.assertEquals(Assertions.java:527)
	at MavenTest.testSum(MavenTest.java:11)
</failure>
  </testcase>
</testsuite>